<?xml version="1.0" encoding="UTF-8"?>
<!-- Generated by org.testng.reporters.JUnitReportReporter -->
<testsuite hostname="DESKTOP-H0PI4DT" failures="0" tests="1" name="mocky.TC_01_verifyAutomationTool" time="5.010" errors="0" timestamp="2023-02-06T18:23:27 IST" skipped="0">
  <testcase classname="mocky.TC_01_verifyAutomationTool" name="verifyRestAssuredTest" time="5.010"/>
  <system-out/>
</testsuite> <!-- mocky.TC_01_verifyAutomationTool -->
