<?xml version="1.0" encoding="UTF-8"?>
<!-- Generated by org.testng.reporters.JUnitReportReporter -->
<testsuite hostname="DESKTOP-H0PI4DT" failures="0" tests="1" name="reqres.TC_03_Post_CreateUser" time="5.505" errors="0" timestamp="2023-02-02T18:54:19 IST" skipped="0">
  <testcase classname="reqres.TC_03_Post_CreateUser" name="verifyCreateUserTest" time="5.505"/>
  <system-out/>
</testsuite> <!-- reqres.TC_03_Post_CreateUser -->
