<?xml version="1.0" encoding="UTF-8"?>
<!-- Generated by org.testng.reporters.JUnitReportReporter -->
<testsuite hostname="DESKTOP-H0PI4DT" failures="0" tests="4" name="xml_To_json.TC_03_Post_CreateBooking_JSON_extract2" time="22.839" errors="0" timestamp="2023-02-08T18:19:19 IST" skipped="0">
  <testcase classname="xml_To_json.TC_03_Post_CreateBooking_JSON_extract2" name="verifyCreateUserTest" time="9.157"/>
  <system-out/>
  <testcase classname="xml_To_json.TC_03_Post_CreateBooking_JSON_extract2" name="verifyCreateUserTest" time="4.456"/>
  <system-out/>
  <testcase classname="xml_To_json.TC_03_Post_CreateBooking_JSON_extract2" name="verifyCreateUserTest" time="4.629"/>
  <system-out/>
  <testcase classname="xml_To_json.TC_03_Post_CreateBooking_JSON_extract2" name="verifyUpdateBookingTest" time="4.597"/>
  <system-out/>
</testsuite> <!-- xml_To_json.TC_03_Post_CreateBooking_JSON_extract2 -->
