<?xml version="1.0" encoding="UTF-8"?>
<!-- Generated by org.testng.reporters.JUnitReportReporter -->
<testsuite hostname="DESKTOP-H0PI4DT" failures="0" tests="1" name="reqres.TC_01_Get_ListUser_validation2" time="4.605" errors="0" timestamp="2023-02-06T17:54:59 IST" skipped="0">
  <testcase classname="reqres.TC_01_Get_ListUser_validation2" name="verifyListUserTest" time="4.605"/>
  <system-out/>
</testsuite> <!-- reqres.TC_01_Get_ListUser_validation2 -->
