<?xml version="1.0" encoding="UTF-8"?>
<!-- Generated by org.testng.reporters.JUnitReportReporter -->
<testsuite hostname="DESKTOP-H0PI4DT" failures="0" tests="1" name="reqres.TC_05_Delete_DeleteUser" time="4.252" errors="0" timestamp="2023-02-06T18:50:35 IST" skipped="0">
  <testcase classname="reqres.TC_05_Delete_DeleteUser" name="verifyDeleteUserTest" time="4.252"/>
  <system-out/>
</testsuite> <!-- reqres.TC_05_Delete_DeleteUser -->
