<?xml version="1.0" encoding="UTF-8"?>
<!-- Generated by org.testng.reporters.JUnitReportReporter -->
<testsuite hostname="DESKTOP-H0PI4DT" failures="0" tests="2" name="xml_To_json.TC_03_Post_CreateBooking_JSON_extract" time="13.427" errors="0" timestamp="2023-02-08T17:58:57 IST" skipped="0">
  <testcase classname="xml_To_json.TC_03_Post_CreateBooking_JSON_extract" name="verifyCreateUserTest" time="8.804"/>
  <system-out/>
  <testcase classname="xml_To_json.TC_03_Post_CreateBooking_JSON_extract" name="verifyUpdateBookingTest" time="4.623"/>
  <system-out/>
</testsuite> <!-- xml_To_json.TC_03_Post_CreateBooking_JSON_extract -->
