<?xml version="1.0" encoding="UTF-8"?>
<!-- Generated by org.testng.reporters.JUnitReportReporter -->
<testsuite hostname="DESKTOP-H0PI4DT" failures="0" tests="1" name="openWeather.TC03_GetWeatherDetails_NFR" time="2.728" errors="0" timestamp="2023-01-31T18:45:48 IST" skipped="0">
  <testcase classname="openWeather.TC03_GetWeatherDetails_NFR" name="verifyWeatherTest" time="2.728"/>
  <system-out/>
</testsuite> <!-- openWeather.TC03_GetWeatherDetails_NFR -->
