<?xml version="1.0" encoding="UTF-8"?>
<!-- Generated by org.testng.reporters.JUnitReportReporter -->
<testsuite hostname="DESKTOP-H0PI4DT" failures="0" tests="1" name="queryParam.TC_01_Get_BookDetails_QueryParam2" time="4.600" errors="0" timestamp="2023-02-03T18:38:13 IST" skipped="0">
  <testcase classname="queryParam.TC_01_Get_BookDetails_QueryParam2" name="verifyWeatherTest" time="4.600"/>
  <system-out/>
</testsuite> <!-- queryParam.TC_01_Get_BookDetails_QueryParam2 -->
