<?xml version="1.0" encoding="UTF-8"?>
<!-- Generated by org.testng.reporters.JUnitReportReporter -->
<testsuite hostname="DESKTOP-H0PI4DT" failures="0" tests="1" name="queryParam.TC_01_Get_WeatherDetails_QueryParam" time="4.587" errors="0" timestamp="2023-02-03T18:33:48 IST" skipped="0">
  <testcase classname="queryParam.TC_01_Get_WeatherDetails_QueryParam" name="verifyWeatherTest" time="4.587"/>
  <system-out/>
</testsuite> <!-- queryParam.TC_01_Get_WeatherDetails_QueryParam -->
