<?xml version="1.0" encoding="UTF-8"?>
<!-- Generated by org.testng.reporters.JUnitReportReporter -->
<testsuite hostname="DESKTOP-H0PI4DT" failures="0" tests="1" name="reqres.TC_01_Get_ListUser" time="27.828" errors="0" timestamp="2023-02-01T19:01:55 IST" skipped="0">
  <testcase classname="reqres.TC_01_Get_ListUser" name="verifyListUserTest" time="27.828"/>
  <system-out/>
</testsuite> <!-- reqres.TC_01_Get_ListUser -->
