<?xml version="1.0" encoding="UTF-8"?>
<!-- Generated by org.testng.reporters.JUnitReportReporter -->
<testsuite hostname="DESKTOP-H0PI4DT" failures="0" tests="1" name="openWeather.TC01_GetWeatherDetails" time="2.819" errors="0" timestamp="2023-01-27T19:19:27 IST" skipped="0">
  <testcase classname="openWeather.TC01_GetWeatherDetails" name="verifyWeatherTest" time="2.819"/>
  <system-out/>
</testsuite> <!-- openWeather.TC01_GetWeatherDetails -->
