<?xml version="1.0" encoding="UTF-8"?>
<!-- Generated by org.testng.reporters.JUnitReportReporter -->
<testsuite hostname="DESKTOP-H0PI4DT" failures="0" tests="3" name="xml_To_json.TC_03_Post_CreateUser_FileExample" time="6.401" errors="0" timestamp="2023-02-07T18:35:53 IST" skipped="0">
  <testcase classname="xml_To_json.TC_03_Post_CreateUser_FileExample" name="verifyCreateUserTest" time="5.707"/>
  <system-out/>
  <testcase classname="xml_To_json.TC_03_Post_CreateUser_FileExample" name="verifyCreateUserTest2" time="0.690"/>
  <system-out/>
  <testcase classname="xml_To_json.TC_03_Post_CreateUser_FileExample" name="mulTest" time="0.004"/>
  <system-out/>
</testsuite> <!-- xml_To_json.TC_03_Post_CreateUser_FileExample -->
