<?xml version="1.0" encoding="UTF-8"?>
<!-- Generated by org.testng.reporters.JUnitReportReporter -->
<testsuite hostname="DESKTOP-H0PI4DT" failures="0" tests="1" name="exercise.TC_03_Post_CreateUser" time="6.183" errors="0" timestamp="2023-02-07T17:27:32 IST" skipped="0">
  <testcase classname="exercise.TC_03_Post_CreateUser" name="verifyCreateUserTest" time="6.183"/>
  <system-out/>
</testsuite> <!-- exercise.TC_03_Post_CreateUser -->
