<?xml version="1.0" encoding="UTF-8"?>
<!-- Generated by org.testng.reporters.JUnitReportReporter -->
<testsuite hostname="DESKTOP-H0PI4DT" failures="0" tests="1" name="reqres.TC_02_Get_ListUser2" time="5.270" errors="0" timestamp="2023-02-06T17:46:33 IST" skipped="0">
  <testcase classname="reqres.TC_02_Get_ListUser2" name="verifyListUserTest" time="5.270"/>
  <system-out/>
</testsuite> <!-- reqres.TC_02_Get_ListUser2 -->
