<?xml version="1.0" encoding="UTF-8"?>
<!-- Generated by org.testng.reporters.JUnitReportReporter -->
<testsuite hostname="DESKTOP-H0PI4DT" failures="0" tests="2" name="xml_To_json.TC_03_Post_CreateUser_FileExample_XML" time="7.606" errors="0" timestamp="2023-02-08T17:22:29 IST" skipped="0">
  <testcase classname="xml_To_json.TC_03_Post_CreateUser_FileExample_XML" name="verifyCreateUserTest" time="7.599"/>
  <system-out/>
  <testcase classname="xml_To_json.TC_03_Post_CreateUser_FileExample_XML" name="verifyCreateUserTest2" time="0.007"/>
  <system-out/>
</testsuite> <!-- xml_To_json.TC_03_Post_CreateUser_FileExample_XML -->
