<?xml version="1.0" encoding="UTF-8"?>
<!-- Generated by org.testng.reporters.JUnitReportReporter -->
<testsuite hostname="DESKTOP-H0PI4DT" failures="0" tests="1" name="openWeather.TC_03_getWeatherDetails_Header" time="3.615" errors="0" timestamp="2023-02-01T18:48:55 IST" skipped="0">
  <testcase classname="openWeather.TC_03_getWeatherDetails_Header" name="verifyWeatherAPITest" time="3.615"/>
  <system-out/>
</testsuite> <!-- openWeather.TC_03_getWeatherDetails_Header -->
