<?xml version="1.0" encoding="UTF-8"?>
<!-- Generated by org.testng.reporters.JUnitReportReporter -->
<testsuite hostname="DESKTOP-H0PI4DT" failures="0" tests="1" name="queryParam.TC_01_Get_BookDetails_QueryParam" time="5.099" errors="0" timestamp="2023-02-03T18:38:29 IST" skipped="0">
  <testcase classname="queryParam.TC_01_Get_BookDetails_QueryParam" name="verifyWeatherTest" time="5.099"/>
  <system-out/>
</testsuite> <!-- queryParam.TC_01_Get_BookDetails_QueryParam -->
