<?xml version="1.0" encoding="UTF-8"?>
<!-- Generated by org.testng.reporters.JUnitReportReporter -->
<testsuite hostname="DESKTOP-H0PI4DT" failures="0" tests="1" name="recap.TC_01_getWeatherDetails" time="3.613" errors="0" timestamp="2023-01-30T19:04:06 IST" skipped="0">
  <testcase classname="recap.TC_01_getWeatherDetails" name="verifyWeatherAPITest" time="3.613"/>
  <system-out/>
</testsuite> <!-- recap.TC_01_getWeatherDetails -->
