<?xml version="1.0" encoding="UTF-8"?>
<!-- Generated by org.testng.reporters.JUnitReportReporter -->
<testsuite hostname="DESKTOP-H0PI4DT" failures="0" tests="1" name="reqres.TC_03_Post_CreateUser_FileExample" time="4.950" errors="0" timestamp="2023-02-07T18:08:27 IST" skipped="0">
  <testcase classname="reqres.TC_03_Post_CreateUser_FileExample" name="verifyCreateUserTest" time="4.950"/>
  <system-out/>
</testsuite> <!-- reqres.TC_03_Post_CreateUser_FileExample -->
