<?xml version="1.0" encoding="UTF-8"?>
<!-- Generated by org.testng.reporters.JUnitReportReporter -->
<testsuite hostname="DESKTOP-H0PI4DT" failures="0" tests="1" name="gitHubExample.TC_03_Get_ListRepo_withoutAuth" time="4.485" errors="0" timestamp="2023-02-03T17:45:10 IST" skipped="0">
  <testcase classname="gitHubExample.TC_03_Get_ListRepo_withoutAuth" name="verifyListUserTest" time="4.485"/>
  <system-out/>
</testsuite> <!-- gitHubExample.TC_03_Get_ListRepo_withoutAuth -->
