<?xml version="1.0" encoding="UTF-8"?>
<!-- Generated by org.testng.reporters.JUnitReportReporter -->
<testsuite hostname="DESKTOP-H0PI4DT" failures="0" tests="1" name="reqres.TC_03_Put_UpdateUser" time="4.923" errors="0" timestamp="2023-02-03T18:23:34 IST" skipped="0">
  <testcase classname="reqres.TC_03_Put_UpdateUser" name="verifyCreateUserTest" time="4.923"/>
  <system-out/>
</testsuite> <!-- reqres.TC_03_Put_UpdateUser -->
