<?xml version="1.0" encoding="UTF-8"?>
<!-- Generated by org.testng.reporters.JUnitReportReporter -->
<testsuite hostname="DESKTOP-H0PI4DT" failures="0" tests="3" name="reqres.TC_04_Post_CreateUser_DDT" time="6.094" errors="0" timestamp="2023-02-09T17:57:51 IST" skipped="0">
  <testcase classname="reqres.TC_04_Post_CreateUser_DDT" name="verifyCreateUserTest" time="0.632"/>
  <system-out/>
  <testcase classname="reqres.TC_04_Post_CreateUser_DDT" name="verifyCreateUserTest" time="4.822"/>
  <system-out/>
  <testcase classname="reqres.TC_04_Post_CreateUser_DDT" name="verifyCreateUserTest" time="0.640"/>
  <system-out/>
</testsuite> <!-- reqres.TC_04_Post_CreateUser_DDT -->
